Copyright 1986-2021 Xilinx, Inc. All Rights Reserved.
------------------------------------------------------------------------------------
| Tool Version : Vivado v.2021.1 (win64) Build 3247384 Thu Jun 10 19:36:33 MDT 2021
| Date         : Thu Oct 24 22:28:57 2024
| Host         : Key running 64-bit major release  (build 9200)
| Command      : upgrade_ip
| Device       : xc7z010clg400-1
------------------------------------------------------------------------------------

Upgrade Log for IP 'racaster_test_customPassthrough_0_0'

1. Summary
----------

SUCCESS in the upgrade of racaster_test_customPassthrough_0_0 (xilinx.com:user:customPassthrough:1.0) from (Rev. 10) to (Rev. 11)






Copyright 1986-2021 Xilinx, Inc. All Rights Reserved.
------------------------------------------------------------------------------------
| Tool Version : Vivado v.2021.1 (win64) Build 3247384 Thu Jun 10 19:36:33 MDT 2021
| Date         : Thu Oct 24 22:17:57 2024
| Host         : Key running 64-bit major release  (build 9200)
| Command      : upgrade_ip
| Device       : xc7z010clg400-1
------------------------------------------------------------------------------------

Upgrade Log for IP 'racaster_test_customPassthrough_0_0'

1. Summary
----------

SUCCESS in the upgrade of racaster_test_customPassthrough_0_0 (xilinx.com:user:customPassthrough:1.0) from (Rev. 9) to (Rev. 10)

